{"session_id": "PROFILE_20250821_102312", "timestamp": "2025-08-21T10:23:12.738397", "elapsed_seconds": 0.0007064342498779297, "checkpoint": "PROFILER_INITIALIZED", "description": "Startup profiler initialized", "details": {}, "memory_mb": 24.5625, "cpu_percent": 0.0}
{"session_id": "PROFILE_20250821_102312", "timestamp": "2025-08-21T10:23:12.738937", "elapsed_seconds": 0.0012469291687011719, "checkpoint": "PYTHON_STARTED", "description": "Python interpreter started", "details": {}, "memory_mb": 24.58203125, "cpu_percent": 0.0}
{"session_id": "PROFILE_20250821_102312", "timestamp": "2025-08-21T10:23:12.740045", "elapsed_seconds": 0.002355337142944336, "checkpoint": "IMPORT_WEBBROWSER", "description": "Imported webbrowser", "details": {"import_time_ms": 0.8447170257568359, "module": "webbrowser"}, "memory_mb": 24.6484375, "cpu_percent": 0.0}
{"session_id": "PROFILE_20250821_102312", "timestamp": "2025-08-21T10:23:12.740311", "elapsed_seconds": 0.002620697021484375, "checkpoint": "IMPORT_SOCKET", "description": "Imported socket", "details": {"import_time_ms": 0.0016689300537109375, "module": "socket"}, "memory_mb": 24.6484375, "cpu_percent": 0.0}
{"session_id": "PROFILE_20250821_102312", "timestamp": "2025-08-21T10:23:12.740512", "elapsed_seconds": 0.0028228759765625, "checkpoint": "IMPORT_SIGNAL", "description": "Imported signal", "details": {"import_time_ms": 0.0011920928955078125, "module": "signal"}, "memory_mb": 24.65234375, "cpu_percent": 0.0}
{"session_id": "PROFILE_20250821_102312", "timestamp": "2025-08-21T10:23:12.740661", "elapsed_seconds": 0.0029714107513427734, "checkpoint": "IMPORT_SYS", "description": "Imported sys", "details": {"import_time_ms": 0.001430511474609375, "module": "sys"}, "memory_mb": 24.65234375, "cpu_percent": 0.0}
{"session_id": "PROFILE_20250821_102312", "timestamp": "2025-08-21T10:23:12.740870", "elapsed_seconds": 0.0031805038452148438, "checkpoint": "IMPORT_OS", "description": "Imported os", "details": {"import_time_ms": 0.0011920928955078125, "module": "os"}, "memory_mb": 24.65625, "cpu_percent": 0.0}
{"session_id": "PROFILE_20250821_102312", "timestamp": "2025-08-21T10:23:12.741015", "elapsed_seconds": 0.0033257007598876953, "checkpoint": "IMPORT_ATEXIT", "description": "Imported atexit", "details": {"import_time_ms": 0.0011920928955078125, "module": "atexit"}, "memory_mb": 24.65625, "cpu_percent": 0.0}
{"session_id": "PROFILE_20250821_102312", "timestamp": "2025-08-21T10:23:12.741169", "elapsed_seconds": 0.00347900390625, "checkpoint": "IMPORT_THREADING.TIMER", "description": "Imported threading.Timer", "details": {"import_time_ms": 0.0021457672119140625, "module": "threading.Timer"}, "memory_mb": 24.65625, "cpu_percent": 0.0}
{"session_id": "PROFILE_20250821_102312", "timestamp": "2025-08-21T10:23:12.741345", "elapsed_seconds": 0.003654956817626953, "checkpoint": "IMPORTING_APP", "description": "Starting app import", "details": {}, "memory_mb": 24.65625, "cpu_percent": 0.0}
{"session_id": "PROFILE_20250821_102312", "timestamp": "2025-08-21T10:23:14.325968", "elapsed_seconds": 1.5882773399353027, "checkpoint": "IMPORT_APP.CREATE_APP", "description": "Imported app.create_app", "details": {"import_time_ms": 1584.4919681549072, "module": "app.create_app"}, "memory_mb": 60.53125, "cpu_percent": 0.0}
{"session_id": "PROFILE_20250821_102312", "timestamp": "2025-08-21T10:23:14.326258", "elapsed_seconds": 1.5885679721832275, "checkpoint": "APP_IMPORTED", "description": "App module imported successfully", "details": {}, "memory_mb": 60.53125, "cpu_percent": 0.0}
{"session_id": "PROFILE_20250821_102312", "timestamp": "2025-08-21T10:23:14.326508", "elapsed_seconds": 1.588818073272705, "checkpoint": "IMPORTING_DEBUG_LOGGER", "description": "Starting debug logger import", "details": {}, "memory_mb": 60.53125, "cpu_percent": 0.0}
{"session_id": "PROFILE_20250821_102312", "timestamp": "2025-08-21T10:23:14.327429", "elapsed_seconds": 1.5897390842437744, "checkpoint": "IMPORT_DEBUG_LOGGER", "description": "Imported debug_logger", "details": {"import_time_ms": 0.7047653198242188, "module": "debug_logger"}, "memory_mb": 60.5625, "cpu_percent": 0.0}
{"session_id": "PROFILE_20250821_102312", "timestamp": "2025-08-21T10:23:14.327647", "elapsed_seconds": 1.5899574756622314, "checkpoint": "DEBUG_LOGGER_IMPORTED", "description": "Debug logger imported successfully", "details": {}, "memory_mb": 60.5625, "cpu_percent": 0.0}
{"session_id": "PROFILE_20250821_102312", "timestamp": "2025-08-21T10:23:14.327883", "elapsed_seconds": 1.590193748474121, "checkpoint": "MAIN_EXECUTION_START", "description": "Main execution started", "details": {}, "memory_mb": 60.5625, "cpu_percent": 0.0}
{"session_id": "PROFILE_20250821_102312", "timestamp": "2025-08-21T10:23:14.328136", "elapsed_seconds": 1.5904467105865479, "checkpoint": "START_SIGNAL_HANDLER_SETUP", "description": "Starting signal_handler_setup", "details": {}, "memory_mb": 60.56640625, "cpu_percent": 0.0}
{"session_id": "PROFILE_20250821_102312", "timestamp": "2025-08-21T10:23:14.328338", "elapsed_seconds": 1.5906481742858887, "checkpoint": "SIGNAL_HANDLERS_SETUP", "description": "Signal handlers configured", "details": {}, "memory_mb": 60.57421875, "cpu_percent": 0.0}
{"session_id": "PROFILE_20250821_102312", "timestamp": "2025-08-21T10:23:14.328482", "elapsed_seconds": 1.590791940689087, "checkpoint": "COMPLETE_SIGNAL_HANDLER_SETUP", "description": "Completed signal_handler_setup", "details": {"operation_time_ms": 0.3466606140136719}, "memory_mb": 60.578125, "cpu_percent": 0.0}
{"session_id": "PROFILE_20250821_102312", "timestamp": "2025-08-21T10:23:14.328680", "elapsed_seconds": 1.5909900665283203, "checkpoint": "START_PORT_DISCOVERY", "description": "Starting port_discovery", "details": {}, "memory_mb": 60.578125, "cpu_percent": 0.0}
{"session_id": "PROFILE_20250821_102312", "timestamp": "2025-08-21T10:23:14.328945", "elapsed_seconds": 1.5912551879882812, "checkpoint": "PORT_FOUND", "description": "Available port found: 5000", "details": {}, "memory_mb": 60.6171875, "cpu_percent": 0.0}
{"session_id": "PROFILE_20250821_102312", "timestamp": "2025-08-21T10:23:14.329176", "elapsed_seconds": 1.5914862155914307, "checkpoint": "COMPLETE_PORT_DISCOVERY", "description": "Completed port_discovery", "details": {"operation_time_ms": 0.4951953887939453}, "memory_mb": 60.6171875, "cpu_percent": 0.0}
{"session_id": "PROFILE_20250821_102312", "timestamp": "2025-08-21T10:23:14.329330", "elapsed_seconds": 1.5916407108306885, "checkpoint": "CREATING_FLASK_APP", "description": "Starting Flask app creation", "details": {}, "memory_mb": 60.62109375, "cpu_percent": 0.0}
{"session_id": "PROFILE_20250821_102312", "timestamp": "2025-08-21T10:23:14.329494", "elapsed_seconds": 1.5918047428131104, "checkpoint": "START_FLASK_APP_CREATION", "description": "Starting flask_app_creation", "details": {}, "memory_mb": 60.625, "cpu_percent": 0.0}
{"session_id": "PROFILE_20250821_102312", "timestamp": "2025-08-21T10:23:14.818474", "elapsed_seconds": 2.080784559249878, "checkpoint": "FLASK_APP_CREATED", "description": "Flask app created successfully", "details": {"app_name": "app", "config_keys": ["DEBUG", "TESTING", "PROPAGATE_EXCEPTIONS", "SECRET_KEY", "SECRET_KEY_FALLBACKS", "PERMANENT_SESSION_LIFETIME", "USE_X_SENDFILE", "TRUSTED_HOSTS", "SERVER_NAME", "APPLICATION_ROOT", "SESSION_COOKIE_NAME", "SESSION_COOKIE_DOMAIN", "SESSION_COOKIE_PATH", "SESSION_COOKIE_HTTPONLY", "SESSION_COOKIE_SECURE", "SESSION_COOKIE_PARTITIONED", "SESSION_COOKIE_SAMESITE", "SESSION_REFRESH_EACH_REQUEST", "MAX_CONTENT_LENGTH", "MAX_FORM_MEMORY_SIZE", "MAX_FORM_PARTS", "SEND_FILE_MAX_AGE_DEFAULT", "TRAP_BAD_REQUEST_ERRORS", "TRAP_HTTP_EXCEPTIONS", "EXPLAIN_TEMPLATE_LOADING", "PREFERRED_URL_SCHEME", "TEMPLATES_AUTO_RELOAD", "MAX_COOKIE_SIZE", "PROVIDE_AUTOMATIC_OPTIONS", "APP_DATA_DIR", "LOG_LEVEL", "DATABASE_URI", "PRODUCTION", "SQLALCHEMY_DATABASE_URI", "SQLALCHEMY_TRACK_MODIFICATIONS", "SQLALCHEMY_ENGINE_OPTIONS", "SQLALCHEMY_ECHO", "SQLALCHEMY_BINDS", "SQLALCHEMY_RECORD_QUERIES"]}, "memory_mb": 73.19921875, "cpu_percent": 0.0}
{"session_id": "PROFILE_20250821_102312", "timestamp": "2025-08-21T10:23:14.818765", "elapsed_seconds": 2.081075668334961, "checkpoint": "COMPLETE_FLASK_APP_CREATION", "description": "Completed flask_app_creation", "details": {"operation_time_ms": 489.2690181732178}, "memory_mb": 73.203125, "cpu_percent": 0.0}
{"session_id": "PROFILE_20250821_102312", "timestamp": "2025-08-21T10:23:14.819005", "elapsed_seconds": 2.0813145637512207, "checkpoint": "READY_TO_START", "description": "TruckOpti Enterprise v3.7.4-FULL-DEBUG ready to start", "details": {"port": 5000, "executable_mode": true, "total_startup_time": 2.0813138484954834}, "memory_mb": 73.203125, "cpu_percent": 0.0}
{"session_id": "PROFILE_20250821_102312", "timestamp": "2025-08-21T10:23:14.819479", "elapsed_seconds": 2.081789255142212, "checkpoint": "STARTING_FLASK_SERVER", "description": "Starting Flask development server", "details": {}, "memory_mb": 73.22265625, "cpu_percent": 0.0}
{"session_id": "PROFILE_20250821_102312", "timestamp": "2025-08-21T10:23:14.819635", "elapsed_seconds": 2.081944704055786, "checkpoint": "EXECUTABLE_MODE", "description": "Running in executable mode", "details": {"executable_path": "D:\\Github\\Truck_Opti\\dist\\TruckOpti_Enterprise_FULL_DEBUG_v3.7.4.exe", "meipass": "C:\\Users\\Prakash\\AppData\\Local\\Temp\\_MEI243682"}, "memory_mb": 73.22265625, "cpu_percent": 0.0}
{"session_id": "PROFILE_20250821_102312", "timestamp": "2025-08-21T10:23:14.925385", "elapsed_seconds": 2.1876914501190186, "checkpoint": "START_BROWSER_OPENING", "description": "Starting browser_opening", "details": {}, "memory_mb": 74.609375, "cpu_percent": 0.0}
{"session_id": "PROFILE_20250821_102312", "timestamp": "2025-08-21T10:23:15.166932", "elapsed_seconds": 2.429241180419922, "checkpoint": "BROWSER_OPENED", "description": "Browser opened to http://127.0.0.1:5000/", "details": {}, "memory_mb": 88.06640625, "cpu_percent": 0.0}
{"session_id": "PROFILE_20250821_102312", "timestamp": "2025-08-21T10:23:15.167422", "elapsed_seconds": 2.429731845855713, "checkpoint": "COMPLETE_BROWSER_OPENING", "description": "Completed browser_opening", "details": {"operation_time_ms": 242.07758903503418}, "memory_mb": 87.4609375, "cpu_percent": 0.0}
{"session_id": "PROFILE_20250821_102312", "timestamp": "2025-08-21T10:28:41.792749", "elapsed_seconds": 329.0550534725189, "checkpoint": "SHUTDOWN_SIGNAL", "description": "Received signal 2", "details": {}, "memory_mb": 86.11328125, "cpu_percent": 0.0}
{"session_id": "PROFILE_20250821_102312", "timestamp": "2025-08-21T10:28:41.812194", "elapsed_seconds": 329.07450437545776, "checkpoint": "APPLICATION_SHUTDOWN", "description": "Application shutdown", "details": {}, "memory_mb": 86.296875, "cpu_percent": 0.0}
{"session_id": "PROFILE_20250821_102955", "timestamp": "2025-08-21T10:29:55.216021", "elapsed_seconds": 0.0005977153778076172, "checkpoint": "PROFILER_INITIALIZED", "description": "Startup profiler initialized", "details": {}, "memory_mb": 23.96484375, "cpu_percent": 0.0}
{"session_id": "PROFILE_20250821_102955", "timestamp": "2025-08-21T10:29:55.216293", "elapsed_seconds": 0.0008692741394042969, "checkpoint": "PYTHON_STARTED", "description": "Python interpreter started", "details": {}, "memory_mb": 23.9921875, "cpu_percent": 0.0}
{"session_id": "PROFILE_20250821_102955", "timestamp": "2025-08-21T10:29:55.217146", "elapsed_seconds": 0.0017230510711669922, "checkpoint": "IMPORT_STANDARD_LIBS", "description": "Imported standard_libs", "details": {"import_time_ms": 0.6177425384521484, "module": "standard_libs"}, "memory_mb": 24.0625, "cpu_percent": 0.0}
{"session_id": "PROFILE_20250821_102955", "timestamp": "2025-08-21T10:29:55.217323", "elapsed_seconds": 0.0018992424011230469, "checkpoint": "IMPORT_THREADING", "description": "Imported threading", "details": {"import_time_ms": 0.0011920928955078125, "module": "threading"}, "memory_mb": 24.0625, "cpu_percent": 0.0}
{"session_id": "PROFILE_20250821_102955", "timestamp": "2025-08-21T10:29:55.217467", "elapsed_seconds": 0.002043485641479492, "checkpoint": "IMPORTING_APP", "description": "Starting app import", "details": {}, "memory_mb": 24.0625, "cpu_percent": 0.0}
{"session_id": "PROFILE_20250821_102955", "timestamp": "2025-08-21T10:29:55.706952", "elapsed_seconds": 0.4915275573730469, "checkpoint": "IMPORT_APP.CREATE_APP", "description": "Imported app.create_app", "details": {"import_time_ms": 489.29643630981445, "module": "app.create_app"}, "memory_mb": 60.33203125, "cpu_percent": 0.0}
{"session_id": "PROFILE_20250821_102955", "timestamp": "2025-08-21T10:29:55.707317", "elapsed_seconds": 0.49189281463623047, "checkpoint": "APP_IMPORTED", "description": "App imported successfully", "details": {}, "memory_mb": 60.33203125, "cpu_percent": 0.0}
{"session_id": "PROFILE_20250821_102955", "timestamp": "2025-08-21T10:29:55.707623", "elapsed_seconds": 0.4921994209289551, "checkpoint": "MAIN_START", "description": "Main execution started", "details": {}, "memory_mb": 60.3359375, "cpu_percent": 0.0}
{"session_id": "PROFILE_20250821_102955", "timestamp": "2025-08-21T10:29:55.707894", "elapsed_seconds": 0.49247074127197266, "checkpoint": "START_PORT_DISCOVERY", "description": "Starting port_discovery", "details": {}, "memory_mb": 60.33984375, "cpu_percent": 0.0}
{"session_id": "PROFILE_20250821_102955", "timestamp": "2025-08-21T10:29:55.708341", "elapsed_seconds": 0.4929170608520508, "checkpoint": "COMPLETE_PORT_DISCOVERY", "description": "Completed port_discovery", "details": {"operation_time_ms": 0.44536590576171875}, "memory_mb": 60.3828125, "cpu_percent": 0.0}
{"session_id": "PROFILE_20250821_102955", "timestamp": "2025-08-21T10:29:55.708535", "elapsed_seconds": 0.49311184883117676, "checkpoint": "CREATING_APP", "description": "Creating Flask app", "details": {}, "memory_mb": 60.3828125, "cpu_percent": 0.0}
{"session_id": "PROFILE_20250821_102955", "timestamp": "2025-08-21T10:29:55.708801", "elapsed_seconds": 0.4933772087097168, "checkpoint": "START_APP_CREATION", "description": "Starting app_creation", "details": {}, "memory_mb": 60.3828125, "cpu_percent": 0.0}
{"session_id": "PROFILE_20250821_102955", "timestamp": "2025-08-21T10:29:56.034289", "elapsed_seconds": 0.8188655376434326, "checkpoint": "COMPLETE_APP_CREATION", "description": "Completed app_creation", "details": {"operation_time_ms": 325.4868984222412}, "memory_mb": 72.5703125, "cpu_percent": 0.0}
{"session_id": "PROFILE_20250821_102955", "timestamp": "2025-08-21T10:29:56.034812", "elapsed_seconds": 0.8193883895874023, "checkpoint": "READY_TO_START", "description": "Ready to start after 0.819s", "details": {}, "memory_mb": 72.5703125, "cpu_percent": 0.0}
{"session_id": "PROFILE_20250821_102955", "timestamp": "2025-08-21T10:29:56.035226", "elapsed_seconds": 0.81980299949646, "checkpoint": "STARTING_SERVER", "description": "Starting Flask server", "details": {}, "memory_mb": 72.59375, "cpu_percent": 0.0}
{"session_id": "PROFILE_20250821_102955", "timestamp": "2025-08-21T10:29:56.278080", "elapsed_seconds": 1.0626533031463623, "checkpoint": "BROWSER_OPENED", "description": "Browser opened to port 5000", "details": {}, "memory_mb": 87.484375, "cpu_percent": 0.0}
{"session_id": "PROFILE_20250821_103332", "timestamp": "2025-08-21T10:33:32.006548", "elapsed_seconds": 0.0005738735198974609, "checkpoint": "PROFILER_INITIALIZED", "description": "Startup profiler initialized", "details": {}, "memory_mb": 23.11328125, "cpu_percent": 0.0}
{"session_id": "PROFILE_20250821_103332", "timestamp": "2025-08-21T10:33:32.006890", "elapsed_seconds": 0.00091552734375, "checkpoint": "PYTHON_STARTED", "description": "Python interpreter started", "details": {}, "memory_mb": 23.13671875, "cpu_percent": 0.0}
{"session_id": "PROFILE_20250821_103332", "timestamp": "2025-08-21T10:33:32.007944", "elapsed_seconds": 0.001970529556274414, "checkpoint": "IMPORT_STANDARD_LIBS", "description": "Imported standard_libs", "details": {"import_time_ms": 0.64849853515625, "module": "standard_libs"}, "memory_mb": 23.20703125, "cpu_percent": 0.0}
{"session_id": "PROFILE_20250821_103332", "timestamp": "2025-08-21T10:33:32.008120", "elapsed_seconds": 0.0021462440490722656, "checkpoint": "IMPORT_THREADING", "description": "Imported threading", "details": {"import_time_ms": 0.0016689300537109375, "module": "threading"}, "memory_mb": 23.20703125, "cpu_percent": 0.0}
{"session_id": "PROFILE_20250821_103332", "timestamp": "2025-08-21T10:33:32.008310", "elapsed_seconds": 0.0023365020751953125, "checkpoint": "IMPORTING_APP", "description": "Starting app import", "details": {}, "memory_mb": 23.20703125, "cpu_percent": 0.0}
{"session_id": "PROFILE_20250821_103332", "timestamp": "2025-08-21T10:33:32.484955", "elapsed_seconds": 0.47898077964782715, "checkpoint": "IMPORT_APP.CREATE_APP", "description": "Imported app.create_app", "details": {"import_time_ms": 476.49359703063965, "module": "app.create_app"}, "memory_mb": 58.453125, "cpu_percent": 0.0}
{"session_id": "PROFILE_20250821_103332", "timestamp": "2025-08-21T10:33:32.485250", "elapsed_seconds": 0.479276180267334, "checkpoint": "APP_IMPORTED", "description": "App imported successfully", "details": {}, "memory_mb": 58.453125, "cpu_percent": 0.0}
{"session_id": "PROFILE_20250821_103332", "timestamp": "2025-08-21T10:33:32.485703", "elapsed_seconds": 0.47972893714904785, "checkpoint": "MAIN_START", "description": "Main execution started", "details": {}, "memory_mb": 58.453125, "cpu_percent": 0.0}
{"session_id": "PROFILE_20250821_103332", "timestamp": "2025-08-21T10:33:32.486069", "elapsed_seconds": 0.48009586334228516, "checkpoint": "START_PORT_DISCOVERY", "description": "Starting port_discovery", "details": {}, "memory_mb": 58.45703125, "cpu_percent": 0.0}
{"session_id": "PROFILE_20250821_103332", "timestamp": "2025-08-21T10:33:32.486498", "elapsed_seconds": 0.48052477836608887, "checkpoint": "COMPLETE_PORT_DISCOVERY", "description": "Completed port_discovery", "details": {"operation_time_ms": 0.42819976806640625}, "memory_mb": 58.51171875, "cpu_percent": 0.0}
{"session_id": "PROFILE_20250821_103332", "timestamp": "2025-08-21T10:33:32.486671", "elapsed_seconds": 0.4806978702545166, "checkpoint": "CREATING_APP", "description": "Creating Flask app", "details": {}, "memory_mb": 58.51171875, "cpu_percent": 0.0}
{"session_id": "PROFILE_20250821_103332", "timestamp": "2025-08-21T10:33:32.486919", "elapsed_seconds": 0.480945348739624, "checkpoint": "START_APP_CREATION", "description": "Starting app_creation", "details": {}, "memory_mb": 58.515625, "cpu_percent": 0.0}
{"session_id": "PROFILE_20250821_103332", "timestamp": "2025-08-21T10:33:32.807113", "elapsed_seconds": 0.8011393547058105, "checkpoint": "COMPLETE_APP_CREATION", "description": "Completed app_creation", "details": {"operation_time_ms": 320.1916217803955}, "memory_mb": 70.99609375, "cpu_percent": 0.0}
{"session_id": "PROFILE_20250821_103332", "timestamp": "2025-08-21T10:33:32.807464", "elapsed_seconds": 0.801490306854248, "checkpoint": "READY_TO_START", "description": "Ready to start after 0.801s", "details": {}, "memory_mb": 70.99609375, "cpu_percent": 0.0}
{"session_id": "PROFILE_20250821_103332", "timestamp": "2025-08-21T10:33:32.807769", "elapsed_seconds": 0.8017950057983398, "checkpoint": "STARTING_SERVER", "description": "Starting Flask server", "details": {}, "memory_mb": 71.015625, "cpu_percent": 0.0}
{"session_id": "PROFILE_20250821_103332", "timestamp": "2025-08-21T10:33:33.035755", "elapsed_seconds": 1.0297791957855225, "checkpoint": "BROWSER_OPENED", "description": "Browser opened to port 5001", "details": {}, "memory_mb": 85.27734375, "cpu_percent": 0.0}
{"session_id": "PROFILE_20250821_103612", "timestamp": "2025-08-21T10:36:12.955605", "elapsed_seconds": 0.0005102157592773438, "checkpoint": "PROFILER_INITIALIZED", "description": "Startup profiler initialized", "details": {}, "memory_mb": 22.94921875, "cpu_percent": 0.0}
{"session_id": "PROFILE_20250821_103612", "timestamp": "2025-08-21T10:36:12.955881", "elapsed_seconds": 0.0007863044738769531, "checkpoint": "PYTHON_STARTED", "description": "Python interpreter started", "details": {}, "memory_mb": 22.97265625, "cpu_percent": 0.0}
{"session_id": "PROFILE_20250821_103612", "timestamp": "2025-08-21T10:36:12.956766", "elapsed_seconds": 0.0016713142395019531, "checkpoint": "IMPORT_STANDARD_LIBS", "description": "Imported standard_libs", "details": {"import_time_ms": 0.6589889526367188, "module": "standard_libs"}, "memory_mb": 23.0390625, "cpu_percent": 0.0}
{"session_id": "PROFILE_20250821_103612", "timestamp": "2025-08-21T10:36:12.956952", "elapsed_seconds": 0.0018575191497802734, "checkpoint": "IMPORT_THREADING", "description": "Imported threading", "details": {"import_time_ms": 0.0016689300537109375, "module": "threading"}, "memory_mb": 23.0390625, "cpu_percent": 0.0}
{"session_id": "PROFILE_20250821_103612", "timestamp": "2025-08-21T10:36:12.957124", "elapsed_seconds": 0.0020296573638916016, "checkpoint": "IMPORTING_APP", "description": "Starting app import", "details": {}, "memory_mb": 23.0390625, "cpu_percent": 0.0}
{"session_id": "PROFILE_20250821_103612", "timestamp": "2025-08-21T10:36:13.387363", "elapsed_seconds": 0.4322676658630371, "checkpoint": "IMPORT_APP.CREATE_APP", "description": "Imported app.create_app", "details": {"import_time_ms": 430.05895614624023, "module": "app.create_app"}, "memory_mb": 58.54296875, "cpu_percent": 0.0}
{"session_id": "PROFILE_20250821_103612", "timestamp": "2025-08-21T10:36:13.387672", "elapsed_seconds": 0.43257641792297363, "checkpoint": "APP_IMPORTED", "description": "App imported successfully", "details": {}, "memory_mb": 58.54296875, "cpu_percent": 0.0}
{"session_id": "PROFILE_20250821_103612", "timestamp": "2025-08-21T10:36:13.387907", "elapsed_seconds": 0.432811975479126, "checkpoint": "MAIN_START", "description": "Main execution started", "details": {}, "memory_mb": 58.54296875, "cpu_percent": 0.0}
{"session_id": "PROFILE_20250821_103612", "timestamp": "2025-08-21T10:36:13.388142", "elapsed_seconds": 0.4330480098724365, "checkpoint": "START_PORT_DISCOVERY", "description": "Starting port_discovery", "details": {}, "memory_mb": 58.546875, "cpu_percent": 0.0}
{"session_id": "PROFILE_20250821_103612", "timestamp": "2025-08-21T10:36:13.388510", "elapsed_seconds": 0.43341588973999023, "checkpoint": "COMPLETE_PORT_DISCOVERY", "description": "Completed port_discovery", "details": {"operation_time_ms": 0.3666877746582031}, "memory_mb": 58.6015625, "cpu_percent": 0.0}
{"session_id": "PROFILE_20250821_103612", "timestamp": "2025-08-21T10:36:13.388704", "elapsed_seconds": 0.4336099624633789, "checkpoint": "CREATING_APP", "description": "Creating Flask app", "details": {}, "memory_mb": 58.6015625, "cpu_percent": 0.0}
{"session_id": "PROFILE_20250821_103612", "timestamp": "2025-08-21T10:36:13.388862", "elapsed_seconds": 0.43376708030700684, "checkpoint": "START_APP_CREATION", "description": "Starting app_creation", "details": {}, "memory_mb": 58.6015625, "cpu_percent": 0.0}
{"session_id": "PROFILE_20250821_103612", "timestamp": "2025-08-21T10:36:13.694655", "elapsed_seconds": 0.739560604095459, "checkpoint": "COMPLETE_APP_CREATION", "description": "Completed app_creation", "details": {"operation_time_ms": 305.7901859283447}, "memory_mb": 71.046875, "cpu_percent": 0.0}
{"session_id": "PROFILE_20250821_103612", "timestamp": "2025-08-21T10:36:13.695047", "elapsed_seconds": 0.739952802658081, "checkpoint": "READY_TO_START", "description": "Ready to start after 0.740s", "details": {}, "memory_mb": 71.05078125, "cpu_percent": 0.0}
{"session_id": "PROFILE_20250821_103612", "timestamp": "2025-08-21T10:36:13.695384", "elapsed_seconds": 0.7402892112731934, "checkpoint": "STARTING_SERVER", "description": "Starting Flask server", "details": {}, "memory_mb": 71.07421875, "cpu_percent": 0.0}
{"session_id": "PROFILE_20250821_103612", "timestamp": "2025-08-21T10:36:13.939880", "elapsed_seconds": 0.984783411026001, "checkpoint": "BROWSER_OPENED", "description": "Browser opened to port 5002", "details": {}, "memory_mb": 85.0859375, "cpu_percent": 0.0}
{"session_id": "PROFILE_20250821_104452", "timestamp": "2025-08-21T10:44:52.841834", "elapsed_seconds": 0.0007042884826660156, "checkpoint": "PROFILER_INITIALIZED", "description": "Startup profiler initialized", "details": {}, "memory_mb": 23.97265625, "cpu_percent": 0.0}
{"session_id": "PROFILE_20250821_104452", "timestamp": "2025-08-21T10:44:52.842165", "elapsed_seconds": 0.0010361671447753906, "checkpoint": "PYTHON_STARTED", "description": "Python interpreter started", "details": {}, "memory_mb": 24.0, "cpu_percent": 0.0}
{"session_id": "PROFILE_20250821_104452", "timestamp": "2025-08-21T10:44:52.843072", "elapsed_seconds": 0.0019435882568359375, "checkpoint": "IMPORT_STANDARD_LIBS", "description": "Imported standard_libs", "details": {"import_time_ms": 0.7026195526123047, "module": "standard_libs"}, "memory_mb": 24.0703125, "cpu_percent": 0.0}
{"session_id": "PROFILE_20250821_104452", "timestamp": "2025-08-21T10:44:52.843253", "elapsed_seconds": 0.0021245479583740234, "checkpoint": "IMPORT_THREADING", "description": "Imported threading", "details": {"import_time_ms": 0.001430511474609375, "module": "threading"}, "memory_mb": 24.0703125, "cpu_percent": 0.0}
{"session_id": "PROFILE_20250821_104452", "timestamp": "2025-08-21T10:44:52.843455", "elapsed_seconds": 0.002326488494873047, "checkpoint": "IMPORTING_APP", "description": "Starting app import", "details": {}, "memory_mb": 24.0703125, "cpu_percent": 0.0}
{"session_id": "PROFILE_20250821_104452", "timestamp": "2025-08-21T10:44:53.271153", "elapsed_seconds": 0.430023193359375, "checkpoint": "IMPORT_APP.CREATE_APP", "description": "Imported app.create_app", "details": {"import_time_ms": 427.5362491607666, "module": "app.create_app"}, "memory_mb": 60.09375, "cpu_percent": 0.0}
{"session_id": "PROFILE_20250821_104452", "timestamp": "2025-08-21T10:44:53.271513", "elapsed_seconds": 0.43038415908813477, "checkpoint": "APP_IMPORTED", "description": "App imported successfully", "details": {}, "memory_mb": 60.09375, "cpu_percent": 0.0}
{"session_id": "PROFILE_20250821_104452", "timestamp": "2025-08-21T10:44:53.271829", "elapsed_seconds": 0.43070006370544434, "checkpoint": "MAIN_START", "description": "Main execution started", "details": {}, "memory_mb": 60.09375, "cpu_percent": 0.0}
{"session_id": "PROFILE_20250821_104452", "timestamp": "2025-08-21T10:44:53.272093", "elapsed_seconds": 0.43096446990966797, "checkpoint": "START_PORT_DISCOVERY", "description": "Starting port_discovery", "details": {}, "memory_mb": 60.1015625, "cpu_percent": 0.0}
{"session_id": "PROFILE_20250821_104452", "timestamp": "2025-08-21T10:44:53.272461", "elapsed_seconds": 0.4313323497772217, "checkpoint": "COMPLETE_PORT_DISCOVERY", "description": "Completed port_discovery", "details": {"operation_time_ms": 0.3669261932373047}, "memory_mb": 60.14453125, "cpu_percent": 0.0}
{"session_id": "PROFILE_20250821_104452", "timestamp": "2025-08-21T10:44:53.272640", "elapsed_seconds": 0.43151164054870605, "checkpoint": "CREATING_APP", "description": "Creating Flask app", "details": {}, "memory_mb": 60.14453125, "cpu_percent": 0.0}
{"session_id": "PROFILE_20250821_104452", "timestamp": "2025-08-21T10:44:53.272883", "elapsed_seconds": 0.43175435066223145, "checkpoint": "START_APP_CREATION", "description": "Starting app_creation", "details": {}, "memory_mb": 60.14453125, "cpu_percent": 0.0}
{"session_id": "PROFILE_20250821_104452", "timestamp": "2025-08-21T10:44:53.588850", "elapsed_seconds": 0.7477202415466309, "checkpoint": "COMPLETE_APP_CREATION", "description": "Completed app_creation", "details": {"operation_time_ms": 315.95897674560547}, "memory_mb": 72.3515625, "cpu_percent": 0.0}
{"session_id": "PROFILE_20250821_104452", "timestamp": "2025-08-21T10:44:53.589243", "elapsed_seconds": 0.7481145858764648, "checkpoint": "READY_TO_START", "description": "Ready to start after 0.748s", "details": {}, "memory_mb": 72.3515625, "cpu_percent": 0.0}
{"session_id": "PROFILE_20250821_104452", "timestamp": "2025-08-21T10:44:53.589587", "elapsed_seconds": 0.7484588623046875, "checkpoint": "STARTING_SERVER", "description": "Starting Flask server", "details": {}, "memory_mb": 72.37890625, "cpu_percent": 0.0}
{"session_id": "PROFILE_20250821_104452", "timestamp": "2025-08-21T10:44:53.835045", "elapsed_seconds": 0.9939146041870117, "checkpoint": "BROWSER_OPENED", "description": "Browser opened to port 5000", "details": {}, "memory_mb": 87.23046875, "cpu_percent": 0.0}
